This is pdfTeX, Version 3.14159265-2.6-1.40.16 (TeX Live 2015/Debian) (preloaded format=pdflatex 2016.10.9)  2 MAY 2017 15:07
entering extended mode
 restricted \write18 enabled.
 %&-line parsing enabled.
**relatorio.tex
(./relatorio.tex
LaTeX2e <2016/02/01>
Babel <3.9q> and hyphenation patterns for 81 language(s) loaded.
(/usr/share/texlive/texmf-dist/tex/latex/revtex4/revtex4.cls
Document Class: revtex4 2001/08/02 v4.0 (http://publish.aps.org/revtex4/ for do
cumentation)
 Copyright (c) 2001 The American Physical Society.
 mailto:revtex@aps.org
 Licensed under the LPPL:
http://www.ctan.org/tex-archive/macros/latex/base/lppl.txt
 Arthur Ogawa <ogawa@teleport.com>
 Based on work by David Carlisle <david@dcarlisle.demon.co.uk>.
ltxutil: portions licensed from W. E. Baxter (web@superscript.com)
Class revtex4 Info: Repairing broken LateX \@sect on input line 596.
\intertabularlinepenalty=\count79
\@tbpen=\count80
\@arstrutbox@hline=\box26
Class revtex4 Info: Repairing broken LaTeX \@xbitor on input line 1610.
ltxgrid: portions licensed from W. E. Baxter (web@superscript.com)
\c@linecount=\count81
\output=\toks14
\@protection@box=\box27
\@topmark@saved=\toks15
\footins@saved=\box28
\pagesofar=\box29
\footbox=\box30
\pagegrid@col=\count82
Class revtex4 Info: Incorporating package {textcase}  [1998/11/12 v0.06 Text on
ly upper/lower case changing (DPC)]. on input line 3682.
(/usr/share/texlive/texmf-dist/tex/latex/url/url.sty
\Urlmuskip=\muskip10
Package: url 2013/09/16  ver 3.4  Verb mode for urls, etc.
)
\c@affil=\count83
\absbox=\box31
\c@part=\count84
\c@section=\count85
\c@subsection=\count86
\c@subsubsection=\count87
\c@paragraph=\count88
\c@subparagraph=\count89
\abovecaptionskip=\skip41
\belowcaptionskip=\skip42
\c@figure=\count90
\c@table=\count91

(/usr/share/texlive/texmf-dist/tex/latex/natbib/natbib.sty
Package: natbib 2010/09/13 8.31b (PWD, AO)
\bibhang=\skip43
\bibsep=\skip44
LaTeX Info: Redefining \cite on input line 694.
\c@NAT@ctr=\count92
)
\widetext@top=\box32
\widetext@bot=\box33

(/usr/share/texlive/texmf-dist/tex/latex/revtex4/revsymb.sty
Package: revsymb 2001/08/02 v4.0 (http://publish.aps.org/revtex4/ for documenta
tion)
LaTeX Info: Redefining \REV@mathfrak on input line 118.
))
(/usr/share/texlive/texmf-dist/tex/latex/amsfonts/amssymb.sty
Package: amssymb 2013/01/14 v3.01 AMS font symbols

(/usr/share/texlive/texmf-dist/tex/latex/amsfonts/amsfonts.sty
Package: amsfonts 2013/01/14 v3.01 Basic AMSFonts support
\@emptytoks=\toks16
\symAMSa=\mathgroup4
\symAMSb=\mathgroup5
LaTeX Font Info:    Overwriting math alphabet `\mathfrak' in version `bold'
(Font)                  U/euf/m/n --> U/euf/b/n on input line 106.
LaTeX Info: Redefining \frak on input line 111.
LaTeX Info: Redefining \Bbb on input line 113.
))
(/usr/share/texlive/texmf-dist/tex/latex/amsmath/amsmath.sty
Package: amsmath 2016/03/03 v2.15a AMS math features
\@mathmargin=\skip45

For additional information on amsmath, use the `?' option.
(/usr/share/texlive/texmf-dist/tex/latex/amsmath/amstext.sty
Package: amstext 2000/06/29 v2.01 AMS text

(/usr/share/texlive/texmf-dist/tex/latex/amsmath/amsgen.sty
File: amsgen.sty 1999/11/30 v2.0 generic functions
\@emptytoks=\toks17
\ex@=\dimen102
))
(/usr/share/texlive/texmf-dist/tex/latex/amsmath/amsbsy.sty
Package: amsbsy 1999/11/29 v1.2d Bold Symbols
\pmbraise@=\dimen103
)
(/usr/share/texlive/texmf-dist/tex/latex/amsmath/amsopn.sty
Package: amsopn 1999/12/14 v2.01 operator names
)
\inf@bad=\count93
LaTeX Info: Redefining \frac on input line 199.
\uproot@=\count94
\leftroot@=\count95
LaTeX Info: Redefining \overline on input line 297.
\classnum@=\count96
\DOTSCASE@=\count97
LaTeX Info: Redefining \ldots on input line 394.
LaTeX Info: Redefining \dots on input line 397.
LaTeX Info: Redefining \cdots on input line 518.
\Mathstrutbox@=\box34
\strutbox@=\box35
\big@size=\dimen104
LaTeX Font Info:    Redeclaring font encoding OML on input line 630.
LaTeX Font Info:    Redeclaring font encoding OMS on input line 631.
\macc@depth=\count98
\c@MaxMatrixCols=\count99
\dotsspace@=\muskip11
\c@parentequation=\count100
\dspbrk@lvl=\count101
\tag@help=\toks18
\row@=\count102
\column@=\count103
\maxfields@=\count104
\andhelp@=\toks19
\eqnshift@=\dimen105
\alignsep@=\dimen106
\tagshift@=\dimen107
\tagwidth@=\dimen108
\totwidth@=\dimen109
\lineht@=\dimen110
\@envbody=\toks20
\multlinegap=\skip46
\multlinetaggap=\skip47
\mathdisplay@stack=\toks21
LaTeX Info: Redefining \[ on input line 2735.
LaTeX Info: Redefining \] on input line 2736.
)
(/usr/share/texlive/texmf-dist/tex/latex/revtex4/aps.rtx
File: aps.rtx 2001/08/02 v4.0 (http://publish.aps.org/revtex4/ for documentatio
n)
)
(/usr/share/texlive/texmf-dist/tex/latex/revtex4/10pt.rtx
File: 10pt.rtx 2001/08/02 v4.0 (http://publish.aps.org/revtex4/ for documentati
on)
)
(/usr/share/texlive/texmf-dist/tex/latex/graphics/graphicx.sty
Package: graphicx 2014/10/28 v1.0g Enhanced LaTeX Graphics (DPC,SPQR)

(/usr/share/texlive/texmf-dist/tex/latex/graphics/keyval.sty
Package: keyval 2014/10/28 v1.15 key=value parser (DPC)
\KV@toks@=\toks22
)
(/usr/share/texlive/texmf-dist/tex/latex/graphics/graphics.sty
Package: graphics 2016/01/03 v1.0q Standard LaTeX Graphics (DPC,SPQR)

(/usr/share/texlive/texmf-dist/tex/latex/graphics/trig.sty
Package: trig 2016/01/03 v1.10 sin cos tan (DPC)
)
(/usr/share/texlive/texmf-dist/tex/latex/latexconfig/graphics.cfg
File: graphics.cfg 2010/04/23 v1.9 graphics configuration of TeX Live
)
Package graphics Info: Driver file: pdftex.def on input line 95.

(/usr/share/texlive/texmf-dist/tex/latex/pdftex-def/pdftex.def
File: pdftex.def 2011/05/27 v0.06d Graphics/color for pdfTeX

(/usr/share/texlive/texmf-dist/tex/generic/oberdiek/infwarerr.sty
Package: infwarerr 2010/04/08 v1.3 Providing info/warning/error messages (HO)
)
(/usr/share/texlive/texmf-dist/tex/generic/oberdiek/ltxcmds.sty
Package: ltxcmds 2011/11/09 v1.22 LaTeX kernel commands for general use (HO)
)
\Gread@gobject=\count105
))
\Gin@req@height=\dimen111
\Gin@req@width=\dimen112
)
(/usr/share/texlive/texmf-dist/tex/latex/tools/bm.sty
Package: bm 2014/10/28 v1.1c Bold Symbol Support (DPC/FMi)
\symboldoperators=\mathgroup6
\symboldletters=\mathgroup7
\symboldsymbols=\mathgroup8
LaTeX Font Info:    Redeclaring math alphabet \mathbf on input line 141.
LaTeX Info: Redefining \bm on input line 207.
)
(/usr/share/texlive/texmf-dist/tex/generic/babel/babel.sty
Package: babel 2016/02/24 3.9q The Babel package

(/usr/share/texlive/texmf-dist/tex/generic/babel-portuges/portuges.ldf
Language: portuges 2008/03/18 v1.2q Portuguese support from the babel system

(/usr/share/texlive/texmf-dist/tex/generic/babel/babel.def
File: babel.def 2016/02/24 3.9q Babel common definitions
\babel@savecnt=\count106
\U@D=\dimen113
)
\l@brazilian = a dialect from \language\l@portuges 
Package babel Info: Making " an active character on input line 145.
)
(/usr/share/texlive/texmf-dist/tex/generic/babel-english/english.ldf
Language: english 2012/08/20 v3.3p English support from the babel system
\l@canadian = a dialect from \language\l@american 
\l@australian = a dialect from \language\l@british 
\l@newzealand = a dialect from \language\l@british 
))
(/usr/share/texlive/texmf-dist/tex/latex/base/inputenc.sty
Package: inputenc 2015/03/17 v1.2c Input encoding file
\inpenc@prehook=\toks23
\inpenc@posthook=\toks24

(/usr/share/texlive/texmf-dist/tex/latex/base/utf8.def
File: utf8.def 2015/12/03 v1.1r UTF-8 support for inputenc
Now handling font encoding OML ...
... no UTF-8 mapping file for font encoding OML
Now handling font encoding T1 ...
... processing UTF-8 mapping file for font encoding T1

(/usr/share/texlive/texmf-dist/tex/latex/base/t1enc.dfu
File: t1enc.dfu 2015/12/03 v1.1r UTF-8 support for inputenc
   defining Unicode char U+00A0 (decimal 160)
   defining Unicode char U+00A1 (decimal 161)
   defining Unicode char U+00A3 (decimal 163)
   defining Unicode char U+00AB (decimal 171)
   defining Unicode char U+00AD (decimal 173)
   defining Unicode char U+00BB (decimal 187)
   defining Unicode char U+00BF (decimal 191)
   defining Unicode char U+00C0 (decimal 192)
   defining Unicode char U+00C1 (decimal 193)
   defining Unicode char U+00C2 (decimal 194)
   defining Unicode char U+00C3 (decimal 195)
   defining Unicode char U+00C4 (decimal 196)
   defining Unicode char U+00C5 (decimal 197)
   defining Unicode char U+00C6 (decimal 198)
   defining Unicode char U+00C7 (decimal 199)
   defining Unicode char U+00C8 (decimal 200)
   defining Unicode char U+00C9 (decimal 201)
   defining Unicode char U+00CA (decimal 202)
   defining Unicode char U+00CB (decimal 203)
   defining Unicode char U+00CC (decimal 204)
   defining Unicode char U+00CD (decimal 205)
   defining Unicode char U+00CE (decimal 206)
   defining Unicode char U+00CF (decimal 207)
   defining Unicode char U+00D0 (decimal 208)
   defining Unicode char U+00D1 (decimal 209)
   defining Unicode char U+00D2 (decimal 210)
   defining Unicode char U+00D3 (decimal 211)
   defining Unicode char U+00D4 (decimal 212)
   defining Unicode char U+00D5 (decimal 213)
   defining Unicode char U+00D6 (decimal 214)
   defining Unicode char U+00D8 (decimal 216)
   defining Unicode char U+00D9 (decimal 217)
   defining Unicode char U+00DA (decimal 218)
   defining Unicode char U+00DB (decimal 219)
   defining Unicode char U+00DC (decimal 220)
   defining Unicode char U+00DD (decimal 221)
   defining Unicode char U+00DE (decimal 222)
   defining Unicode char U+00DF (decimal 223)
   defining Unicode char U+00E0 (decimal 224)
   defining Unicode char U+00E1 (decimal 225)
   defining Unicode char U+00E2 (decimal 226)
   defining Unicode char U+00E3 (decimal 227)
   defining Unicode char U+00E4 (decimal 228)
   defining Unicode char U+00E5 (decimal 229)
   defining Unicode char U+00E6 (decimal 230)
   defining Unicode char U+00E7 (decimal 231)
   defining Unicode char U+00E8 (decimal 232)
   defining Unicode char U+00E9 (decimal 233)
   defining Unicode char U+00EA (decimal 234)
   defining Unicode char U+00EB (decimal 235)
   defining Unicode char U+00EC (decimal 236)
   defining Unicode char U+00ED (decimal 237)
   defining Unicode char U+00EE (decimal 238)
   defining Unicode char U+00EF (decimal 239)
   defining Unicode char U+00F0 (decimal 240)
   defining Unicode char U+00F1 (decimal 241)
   defining Unicode char U+00F2 (decimal 242)
   defining Unicode char U+00F3 (decimal 243)
   defining Unicode char U+00F4 (decimal 244)
   defining Unicode char U+00F5 (decimal 245)
   defining Unicode char U+00F6 (decimal 246)
   defining Unicode char U+00F8 (decimal 248)
   defining Unicode char U+00F9 (decimal 249)
   defining Unicode char U+00FA (decimal 250)
   defining Unicode char U+00FB (decimal 251)
   defining Unicode char U+00FC (decimal 252)
   defining Unicode char U+00FD (decimal 253)
   defining Unicode char U+00FE (decimal 254)
   defining Unicode char U+00FF (decimal 255)
   defining Unicode char U+0100 (decimal 256)
   defining Unicode char U+0101 (decimal 257)
   defining Unicode char U+0102 (decimal 258)
   defining Unicode char U+0103 (decimal 259)
   defining Unicode char U+0104 (decimal 260)
   defining Unicode char U+0105 (decimal 261)
   defining Unicode char U+0106 (decimal 262)
   defining Unicode char U+0107 (decimal 263)
   defining Unicode char U+0108 (decimal 264)
   defining Unicode char U+0109 (decimal 265)
   defining Unicode char U+010A (decimal 266)
   defining Unicode char U+010B (decimal 267)
   defining Unicode char U+010C (decimal 268)
   defining Unicode char U+010D (decimal 269)
   defining Unicode char U+010E (decimal 270)
   defining Unicode char U+010F (decimal 271)
   defining Unicode char U+0110 (decimal 272)
   defining Unicode char U+0111 (decimal 273)
   defining Unicode char U+0112 (decimal 274)
   defining Unicode char U+0113 (decimal 275)
   defining Unicode char U+0114 (decimal 276)
   defining Unicode char U+0115 (decimal 277)
   defining Unicode char U+0116 (decimal 278)
   defining Unicode char U+0117 (decimal 279)
   defining Unicode char U+0118 (decimal 280)
   defining Unicode char U+0119 (decimal 281)
   defining Unicode char U+011A (decimal 282)
   defining Unicode char U+011B (decimal 283)
   defining Unicode char U+011C (decimal 284)
   defining Unicode char U+011D (decimal 285)
   defining Unicode char U+011E (decimal 286)
   defining Unicode char U+011F (decimal 287)
   defining Unicode char U+0120 (decimal 288)
   defining Unicode char U+0121 (decimal 289)
   defining Unicode char U+0122 (decimal 290)
   defining Unicode char U+0123 (decimal 291)
   defining Unicode char U+0124 (decimal 292)
   defining Unicode char U+0125 (decimal 293)
   defining Unicode char U+0128 (decimal 296)
   defining Unicode char U+0129 (decimal 297)
   defining Unicode char U+012A (decimal 298)
   defining Unicode char U+012B (decimal 299)
   defining Unicode char U+012C (decimal 300)
   defining Unicode char U+012D (decimal 301)
   defining Unicode char U+012E (decimal 302)
   defining Unicode char U+012F (decimal 303)
   defining Unicode char U+0130 (decimal 304)
   defining Unicode char U+0131 (decimal 305)
   defining Unicode char U+0132 (decimal 306)
   defining Unicode char U+0133 (decimal 307)
   defining Unicode char U+0134 (decimal 308)
   defining Unicode char U+0135 (decimal 309)
   defining Unicode char U+0136 (decimal 310)
   defining Unicode char U+0137 (decimal 311)
   defining Unicode char U+0139 (decimal 313)
   defining Unicode char U+013A (decimal 314)
   defining Unicode char U+013B (decimal 315)
   defining Unicode char U+013C (decimal 316)
   defining Unicode char U+013D (decimal 317)
   defining Unicode char U+013E (decimal 318)
   defining Unicode char U+0141 (decimal 321)
   defining Unicode char U+0142 (decimal 322)
   defining Unicode char U+0143 (decimal 323)
   defining Unicode char U+0144 (decimal 324)
   defining Unicode char U+0145 (decimal 325)
   defining Unicode char U+0146 (decimal 326)
   defining Unicode char U+0147 (decimal 327)
   defining Unicode char U+0148 (decimal 328)
   defining Unicode char U+014A (decimal 330)
   defining Unicode char U+014B (decimal 331)
   defining Unicode char U+014C (decimal 332)
   defining Unicode char U+014D (decimal 333)
   defining Unicode char U+014E (decimal 334)
   defining Unicode char U+014F (decimal 335)
   defining Unicode char U+0150 (decimal 336)
   defining Unicode char U+0151 (decimal 337)
   defining Unicode char U+0152 (decimal 338)
   defining Unicode char U+0153 (decimal 339)
   defining Unicode char U+0154 (decimal 340)
   defining Unicode char U+0155 (decimal 341)
   defining Unicode char U+0156 (decimal 342)
   defining Unicode char U+0157 (decimal 343)
   defining Unicode char U+0158 (decimal 344)
   defining Unicode char U+0159 (decimal 345)
   defining Unicode char U+015A (decimal 346)
   defining Unicode char U+015B (decimal 347)
   defining Unicode char U+015C (decimal 348)
   defining Unicode char U+015D (decimal 349)
   defining Unicode char U+015E (decimal 350)
   defining Unicode char U+015F (decimal 351)
   defining Unicode char U+0160 (decimal 352)
   defining Unicode char U+0161 (decimal 353)
   defining Unicode char U+0162 (decimal 354)
   defining Unicode char U+0163 (decimal 355)
   defining Unicode char U+0164 (decimal 356)
   defining Unicode char U+0165 (decimal 357)
   defining Unicode char U+0168 (decimal 360)
   defining Unicode char U+0169 (decimal 361)
   defining Unicode char U+016A (decimal 362)
   defining Unicode char U+016B (decimal 363)
   defining Unicode char U+016C (decimal 364)
   defining Unicode char U+016D (decimal 365)
   defining Unicode char U+016E (decimal 366)
   defining Unicode char U+016F (decimal 367)
   defining Unicode char U+0170 (decimal 368)
   defining Unicode char U+0171 (decimal 369)
   defining Unicode char U+0172 (decimal 370)
   defining Unicode char U+0173 (decimal 371)
   defining Unicode char U+0174 (decimal 372)
   defining Unicode char U+0175 (decimal 373)
   defining Unicode char U+0176 (decimal 374)
   defining Unicode char U+0177 (decimal 375)
   defining Unicode char U+0178 (decimal 376)
   defining Unicode char U+0179 (decimal 377)
   defining Unicode char U+017A (decimal 378)
   defining Unicode char U+017B (decimal 379)
   defining Unicode char U+017C (decimal 380)
   defining Unicode char U+017D (decimal 381)
   defining Unicode char U+017E (decimal 382)
   defining Unicode char U+01CD (decimal 461)
   defining Unicode char U+01CE (decimal 462)
   defining Unicode char U+01CF (decimal 463)
   defining Unicode char U+01D0 (decimal 464)
   defining Unicode char U+01D1 (decimal 465)
   defining Unicode char U+01D2 (decimal 466)
   defining Unicode char U+01D3 (decimal 467)
   defining Unicode char U+01D4 (decimal 468)
   defining Unicode char U+01E2 (decimal 482)
   defining Unicode char U+01E3 (decimal 483)
   defining Unicode char U+01E6 (decimal 486)
   defining Unicode char U+01E7 (decimal 487)
   defining Unicode char U+01E8 (decimal 488)
   defining Unicode char U+01E9 (decimal 489)
   defining Unicode char U+01EA (decimal 490)
   defining Unicode char U+01EB (decimal 491)
   defining Unicode char U+01F0 (decimal 496)
   defining Unicode char U+01F4 (decimal 500)
   defining Unicode char U+01F5 (decimal 501)
   defining Unicode char U+0218 (decimal 536)
   defining Unicode char U+0219 (decimal 537)
   defining Unicode char U+021A (decimal 538)
   defining Unicode char U+021B (decimal 539)
   defining Unicode char U+01E02 (decimal 7682)
   defining Unicode char U+01E03 (decimal 7683)
   defining Unicode char U+200C (decimal 8204)
   defining Unicode char U+2013 (decimal 8211)
   defining Unicode char U+2014 (decimal 8212)
   defining Unicode char U+2018 (decimal 8216)
   defining Unicode char U+2019 (decimal 8217)
   defining Unicode char U+201A (decimal 8218)
   defining Unicode char U+201C (decimal 8220)
   defining Unicode char U+201D (decimal 8221)
   defining Unicode char U+201E (decimal 8222)
   defining Unicode char U+2030 (decimal 8240)
   defining Unicode char U+2031 (decimal 8241)
   defining Unicode char U+2039 (decimal 8249)
   defining Unicode char U+203A (decimal 8250)
   defining Unicode char U+2423 (decimal 9251)
)
Now handling font encoding OT1 ...
... processing UTF-8 mapping file for font encoding OT1

(/usr/share/texlive/texmf-dist/tex/latex/base/ot1enc.dfu
File: ot1enc.dfu 2015/12/03 v1.1r UTF-8 support for inputenc
   defining Unicode char U+00A0 (decimal 160)
   defining Unicode char U+00A1 (decimal 161)
   defining Unicode char U+00A3 (decimal 163)
   defining Unicode char U+00AD (decimal 173)
   defining Unicode char U+00B8 (decimal 184)
   defining Unicode char U+00BF (decimal 191)
   defining Unicode char U+00C5 (decimal 197)
   defining Unicode char U+00C6 (decimal 198)
   defining Unicode char U+00D8 (decimal 216)
   defining Unicode char U+00DF (decimal 223)
   defining Unicode char U+00E6 (decimal 230)
   defining Unicode char U+00EC (decimal 236)
   defining Unicode char U+00ED (decimal 237)
   defining Unicode char U+00EE (decimal 238)
   defining Unicode char U+00EF (decimal 239)
   defining Unicode char U+00F8 (decimal 248)
   defining Unicode char U+0131 (decimal 305)
   defining Unicode char U+0141 (decimal 321)
   defining Unicode char U+0142 (decimal 322)
   defining Unicode char U+0152 (decimal 338)
   defining Unicode char U+0153 (decimal 339)
   defining Unicode char U+0174 (decimal 372)
   defining Unicode char U+0175 (decimal 373)
   defining Unicode char U+0176 (decimal 374)
   defining Unicode char U+0177 (decimal 375)
   defining Unicode char U+0218 (decimal 536)
   defining Unicode char U+0219 (decimal 537)
   defining Unicode char U+021A (decimal 538)
   defining Unicode char U+021B (decimal 539)
   defining Unicode char U+2013 (decimal 8211)
   defining Unicode char U+2014 (decimal 8212)
   defining Unicode char U+2018 (decimal 8216)
   defining Unicode char U+2019 (decimal 8217)
   defining Unicode char U+201C (decimal 8220)
   defining Unicode char U+201D (decimal 8221)
)
Now handling font encoding OMS ...
... processing UTF-8 mapping file for font encoding OMS

(/usr/share/texlive/texmf-dist/tex/latex/base/omsenc.dfu
File: omsenc.dfu 2015/12/03 v1.1r UTF-8 support for inputenc
   defining Unicode char U+00A7 (decimal 167)
   defining Unicode char U+00B6 (decimal 182)
   defining Unicode char U+00B7 (decimal 183)
   defining Unicode char U+2020 (decimal 8224)
   defining Unicode char U+2021 (decimal 8225)
   defining Unicode char U+2022 (decimal 8226)
)
Now handling font encoding OMX ...
... no UTF-8 mapping file for font encoding OMX
Now handling font encoding U ...
... no UTF-8 mapping file for font encoding U
   defining Unicode char U+00A9 (decimal 169)
   defining Unicode char U+00AA (decimal 170)
   defining Unicode char U+00AE (decimal 174)
   defining Unicode char U+00BA (decimal 186)
   defining Unicode char U+02C6 (decimal 710)
   defining Unicode char U+02DC (decimal 732)
   defining Unicode char U+200C (decimal 8204)
   defining Unicode char U+2026 (decimal 8230)
   defining Unicode char U+2122 (decimal 8482)
   defining Unicode char U+2423 (decimal 9251)
))
(/usr/share/texlive/texmf-dist/tex/latex/lipsum/lipsum.sty
Package: lipsum 2014/07/27 v1.3 150 paragraphs of Lorem Ipsum dummy text
\c@lips@count=\count107
)
(/usr/share/texlive/texmf-dist/tex/latex/hyperref/hyperref.sty
Package: hyperref 2012/11/06 v6.83m Hypertext links for LaTeX

(/usr/share/texlive/texmf-dist/tex/generic/oberdiek/hobsub-hyperref.sty
Package: hobsub-hyperref 2012/05/28 v1.13 Bundle oberdiek, subset hyperref (HO)


(/usr/share/texlive/texmf-dist/tex/generic/oberdiek/hobsub-generic.sty
Package: hobsub-generic 2012/05/28 v1.13 Bundle oberdiek, subset generic (HO)
Package: hobsub 2012/05/28 v1.13 Construct package bundles (HO)
Package hobsub Info: Skipping package `infwarerr' (already loaded).
Package hobsub Info: Skipping package `ltxcmds' (already loaded).
Package: ifluatex 2010/03/01 v1.3 Provides the ifluatex switch (HO)
Package ifluatex Info: LuaTeX not detected.
Package: ifvtex 2010/03/01 v1.5 Detect VTeX and its facilities (HO)
Package ifvtex Info: VTeX not detected.
Package: intcalc 2007/09/27 v1.1 Expandable calculations with integers (HO)
Package: ifpdf 2011/01/30 v2.3 Provides the ifpdf switch (HO)
Package ifpdf Info: pdfTeX in PDF mode is detected.
Package: etexcmds 2011/02/16 v1.5 Avoid name clashes with e-TeX commands (HO)
Package etexcmds Info: Could not find \expanded.
(etexcmds)             That can mean that you are not using pdfTeX 1.50 or
(etexcmds)             that some package has redefined \expanded.
(etexcmds)             In the latter case, load this package earlier.
Package: kvsetkeys 2012/04/25 v1.16 Key value parser (HO)
Package: kvdefinekeys 2011/04/07 v1.3 Define keys (HO)
Package: pdftexcmds 2011/11/29 v0.20 Utility functions of pdfTeX for LuaTeX (HO
)
Package pdftexcmds Info: LuaTeX not detected.
Package pdftexcmds Info: \pdf@primitive is available.
Package pdftexcmds Info: \pdf@ifprimitive is available.
Package pdftexcmds Info: \pdfdraftmode found.
Package: pdfescape 2011/11/25 v1.13 Implements pdfTeX's escape features (HO)
Package: bigintcalc 2012/04/08 v1.3 Expandable calculations on big integers (HO
)
Package: bitset 2011/01/30 v1.1 Handle bit-vector datatype (HO)
Package: uniquecounter 2011/01/30 v1.2 Provide unlimited unique counter (HO)
)
Package hobsub Info: Skipping package `hobsub' (already loaded).
Package: letltxmacro 2010/09/02 v1.4 Let assignment for LaTeX macros (HO)
Package: hopatch 2012/05/28 v1.2 Wrapper for package hooks (HO)
Package: xcolor-patch 2011/01/30 xcolor patch
Package: atveryend 2011/06/30 v1.8 Hooks at the very end of document (HO)
Package: atbegshi 2011/10/05 v1.16 At begin shipout hook (HO)
Package: refcount 2011/10/16 v3.4 Data extraction from label references (HO)
Package: hycolor 2011/01/30 v1.7 Color options for hyperref/bookmark (HO)
)
(/usr/share/texlive/texmf-dist/tex/generic/ifxetex/ifxetex.sty
Package: ifxetex 2010/09/12 v0.6 Provides ifxetex conditional
)
(/usr/share/texlive/texmf-dist/tex/latex/oberdiek/auxhook.sty
Package: auxhook 2011/03/04 v1.3 Hooks for auxiliary files (HO)
)
(/usr/share/texlive/texmf-dist/tex/latex/oberdiek/kvoptions.sty
Package: kvoptions 2011/06/30 v3.11 Key value format for package options (HO)
)
\@linkdim=\dimen114
\Hy@linkcounter=\count108
\Hy@pagecounter=\count109

(/usr/share/texlive/texmf-dist/tex/latex/hyperref/pd1enc.def
File: pd1enc.def 2012/11/06 v6.83m Hyperref: PDFDocEncoding definition (HO)
Now handling font encoding PD1 ...
... no UTF-8 mapping file for font encoding PD1
)
\Hy@SavedSpaceFactor=\count110

(/usr/share/texlive/texmf-dist/tex/latex/latexconfig/hyperref.cfg
File: hyperref.cfg 2002/06/06 v1.2 hyperref configuration of TeXLive
)
Package hyperref Info: Hyper figures OFF on input line 4443.
Package hyperref Info: Link nesting OFF on input line 4448.
Package hyperref Info: Hyper index ON on input line 4451.
Package hyperref Info: Plain pages OFF on input line 4458.
Package hyperref Info: Backreferencing OFF on input line 4463.
Package hyperref Info: Implicit mode ON; LaTeX internals redefined.
Package hyperref Info: Bookmarks ON on input line 4688.
\c@Hy@tempcnt=\count111
LaTeX Info: Redefining \url on input line 5041.
\XeTeXLinkMargin=\dimen115
\Fld@menulength=\count112
\Field@Width=\dimen116
\Fld@charsize=\dimen117
Package hyperref Info: Hyper figures OFF on input line 6295.
Package hyperref Info: Link nesting OFF on input line 6300.
Package hyperref Info: Hyper index ON on input line 6303.
Package hyperref Info: backreferencing OFF on input line 6310.
Package hyperref Info: Link coloring OFF on input line 6315.
Package hyperref Info: Link coloring with OCG OFF on input line 6320.
Package hyperref Info: PDF/A mode OFF on input line 6325.
LaTeX Info: Redefining \ref on input line 6365.
LaTeX Info: Redefining \pageref on input line 6369.
\Hy@abspage=\count113
\c@Item=\count114
\c@Hfootnote=\count115
)

Package hyperref Message: Driver (autodetected): hpdftex.

(/usr/share/texlive/texmf-dist/tex/latex/hyperref/hpdftex.def
File: hpdftex.def 2012/11/06 v6.83m Hyperref driver for pdfTeX
\Fld@listcount=\count116
\c@bookmark@seq@number=\count117

(/usr/share/texlive/texmf-dist/tex/latex/oberdiek/rerunfilecheck.sty
Package: rerunfilecheck 2011/04/15 v1.7 Rerun checks for auxiliary files (HO)
Package uniquecounter Info: New unique counter `rerunfilecheck' on input line 2
82.
)
\Hy@SectionHShift=\skip48
)
(/usr/share/texlive/texmf-dist/tex/latex/float/float.sty
Package: float 2001/11/08 v1.3d Float enhancements (AL)
\c@float@type=\count118
\float@exts=\toks25
\float@box=\box36
\@float@everytoks=\toks26
\@floatcapt=\box37
)
(/usr/share/texlive/texmf-dist/tex/latex/blindtext/blindtext.sty
Package: blindtext 2012/01/06 V2.0 blindtext-Package

(/usr/share/texlive/texmf-dist/tex/latex/tools/xspace.sty
Package: xspace 2014/10/28 v1.13 Space after command names (DPC,MH)
)
\c@blindtext=\count119
\c@Blindtext=\count120
\c@blind@countparstart=\count121
\blind@countxx=\count122
\blindtext@numBlindtext=\count123
\blind@countyy=\count124
\c@blindlist=\count125
\c@blindlistlevel=\count126
\c@blindlist@level=\count127
\blind@listitem=\count128
\c@blind@listcount=\count129
\c@blind@levelcount=\count130
\blind@mathformula=\count131
\blind@Mathformula=\count132
\c@blind@randomcount=\count133
\c@blind@randommax=\count134
\c@blind@pangramcount=\count135
\c@blind@pangrammax=\count136
)
(/usr/share/texlive/texmf-dist/tex/latex/base/fontenc.sty
Package: fontenc 2005/09/27 v1.99g Standard LaTeX package

(/usr/share/texlive/texmf-dist/tex/latex/base/t1enc.def
File: t1enc.def 2005/09/27 v1.99g Standard LaTeX file
LaTeX Font Info:    Redeclaring font encoding T1 on input line 48.
)) (./relatorio.aux

LaTeX Warning: Label `fig:placeholder.jpg' multiply defined.


LaTeX Warning: Label `fig:placeholder.jpg' multiply defined.


LaTeX Warning: Label `fig:placeholder.jpg' multiply defined.


LaTeX Warning: Label `fig:placeholder.jpg' multiply defined.


LaTeX Warning: Label `fig:placeholder.jpg' multiply defined.


LaTeX Warning: Label `fig:placeholder.jpg' multiply defined.

)
\openout1 = `relatorio.aux'.

LaTeX Font Info:    Checking defaults for OML/cmm/m/it on input line 13.
LaTeX Font Info:    ... okay on input line 13.
LaTeX Font Info:    Checking defaults for T1/cmr/m/n on input line 13.
LaTeX Font Info:    ... okay on input line 13.
LaTeX Font Info:    Checking defaults for OT1/cmr/m/n on input line 13.
LaTeX Font Info:    ... okay on input line 13.
LaTeX Font Info:    Checking defaults for OMS/cmsy/m/n on input line 13.
LaTeX Font Info:    ... okay on input line 13.
LaTeX Font Info:    Checking defaults for OMX/cmex/m/n on input line 13.
LaTeX Font Info:    ... okay on input line 13.
LaTeX Font Info:    Checking defaults for U/cmr/m/n on input line 13.
LaTeX Font Info:    ... okay on input line 13.
LaTeX Font Info:    Checking defaults for PD1/pdf/m/n on input line 13.
LaTeX Font Info:    ... okay on input line 13.
Class revtex4 Info: Patching LaTeX tabular. on input line 13.
Class revtex4 Info: cite was not loaded (OK!) on input line 13.
Class revtex4 Info: multicol was not loaded (OK!) on input line 13.
 (/usr/share/texlive/texmf-dist/tex/context/base/supp-pdf.mkii
[Loading MPS to PDF converter (version 2006.09.02).]
\scratchcounter=\count137
\scratchdimen=\dimen118
\scratchbox=\box38
\nofMPsegments=\count138
\nofMParguments=\count139
\everyMPshowfont=\toks27
\MPscratchCnt=\count140
\MPscratchDim=\dimen119
\MPnumerator=\count141
\makeMPintoPDFobject=\count142
\everyMPtoPDFconversion=\toks28
) (/usr/share/texlive/texmf-dist/tex/latex/oberdiek/epstopdf-base.sty
Package: epstopdf-base 2010/02/09 v2.5 Base part for package epstopdf

(/usr/share/texlive/texmf-dist/tex/latex/oberdiek/grfext.sty
Package: grfext 2010/08/19 v1.1 Manage graphics extensions (HO)
)
Package grfext Info: Graphics extension search list:
(grfext)             [.png,.pdf,.jpg,.mps,.jpeg,.jbig2,.jb2,.PNG,.PDF,.JPG,.JPE
G,.JBIG2,.JB2,.eps]
(grfext)             \AppendGraphicsExtensions on input line 452.

(/usr/share/texlive/texmf-dist/tex/latex/latexconfig/epstopdf-sys.cfg
File: epstopdf-sys.cfg 2010/07/13 v1.3 Configuration of (r)epstopdf for TeX Liv
e
))
\AtBeginShipoutBox=\box39


Package hyperref Warning: Height of page (\paperheight) is invalid (0.0pt),
(hyperref)                using 11in.

Package hyperref Info: Link coloring OFF on input line 13.
(/usr/share/texlive/texmf-dist/tex/latex/hyperref/nameref.sty
Package: nameref 2012/10/27 v2.43 Cross-referencing by name of section

(/usr/share/texlive/texmf-dist/tex/generic/oberdiek/gettitlestring.sty
Package: gettitlestring 2010/12/03 v1.4 Cleanup title references (HO)
)
\c@section@level=\count143
)
LaTeX Info: Redefining \ref on input line 13.
LaTeX Info: Redefining \pageref on input line 13.
LaTeX Info: Redefining \nameref on input line 13.

(./relatorio.out) (./relatorio.out)
\@outlinefile=\write3
\openout3 = `relatorio.out'.

LaTeX Font Info:    Try loading font information for T1+lmtt on input line 15.
 (/usr/share/texmf/tex/latex/lm/t1lmtt.fd
File: t1lmtt.fd 2009/10/30 v1.6 Font defs for Latin Modern
)
(./section/titulo.tex) (./section/resumo.tex
Underfull \hbox (badness 10000) in paragraph at lines 2--2
[]\T1/lmtt/m/n/9 Lorem ipsum dolor sit amet, consectetuer adipiscing elit. Ut p
urus elit, vestibulum ut, placerat ac,
 []


Underfull \hbox (badness 10000) in paragraph at lines 2--2
\T1/lmtt/m/n/9 adipiscing vitae, felis. Curabitur dictum gravida mauris. Nam ar
cu libero, nonummy eget, consectetuer
 []


Underfull \hbox (badness 10000) in paragraph at lines 2--2
\T1/lmtt/m/n/9 id, vulputate a, magna. Donec vehicula augue eu neque. Pellentes
que habitant morbi tristique senectus
 []


Underfull \hbox (badness 10000) in paragraph at lines 2--2
\T1/lmtt/m/n/9 et netus et malesuada fames ac turpis egestas. Mauris ut leo. Cr
as viverra metus rhoncus sem. Nulla et
 []


Underfull \hbox (badness 10000) in paragraph at lines 2--2
\T1/lmtt/m/n/9 lectus vestibulum urna fringilla ultrices. Phasellus eu tellus s
it amet tortor gravida placerat. Integer
 []


Underfull \hbox (badness 10000) in paragraph at lines 2--2
\T1/lmtt/m/n/9 sapien est, iaculis in, pretium quis, viverra ac, nunc. Praesent
 eget sem vel leo ultrices bibendum.
 []


Underfull \hbox (badness 10000) in paragraph at lines 2--2
\T1/lmtt/m/n/9 Aenean faucibus. Morbi dolor nulla, malesuada eu, pulvinar at, m
ollis ac, nulla. Curabitur auctor semper
 []


Underfull \hbox (badness 10000) in paragraph at lines 2--2
\T1/lmtt/m/n/9 nulla. Donec varius orci eget risus. Duis nibh mi, congue eu, ac
cumsan eleifend, sagittis quis, diam.
 []

) (./section/data.tex

LaTeX Font Warning: Font shape `T1/cmr/bx/n' in size <26> not available
(Font)              size <24.88> substituted on input line 1.

<imagens/logo.jpg, id=40, 628.3475pt x 628.3475pt>
File: imagens/logo.jpg Graphic file (type jpg)
 <use imagens/logo.jpg>
Package pdftex.def Info: imagens/logo.jpg used on input line 1.
(pdftex.def)             Requested size: 628.34596pt x 628.34596pt.
Package babel Info: Redefining portuges shorthand "|
(babel)             in language  on input line 1.
Package babel Info: Redefining portuges shorthand "|
(babel)             in language  on input line 1.

[1{/var/lib/texmf/fonts/map/pdftex/updmap/pdftex.map} <./imagens/logo.jpg>]
Package babel Info: Redefining portuges shorthand "|
(babel)             in language  on input line 2.
Package babel Info: Redefining portuges shorthand "|
(babel)             in language  on input line 2.

[2]
Package babel Info: Redefining portuges shorthand "|
(babel)             in language  on input line 4.
 (./relatorio.toc)
\tf@toc=\write4
\openout4 = `relatorio.toc'.

)
Package babel Info: Redefining portuges shorthand "|
(babel)             in language  on input line 21.
Package babel Info: Redefining portuges shorthand "|
(babel)             in language  on input line 21.
 [3] (./section/introducao.tex
Package babel Info: Redefining portuges shorthand "|
(babel)             in language  on input line 1.

Underfull \hbox (badness 10000) in paragraph at lines 2--2
[]\T1/lmtt/m/n/10 Lorem ipsum dolor sit amet, consectetuer adipiscing elit. Ut 
purus elit, vestibulum ut,
 []


Underfull \hbox (badness 10000) in paragraph at lines 2--2
\T1/lmtt/m/n/10 placerat ac, adipiscing vitae, felis. Curabitur dictum gravida 
mauris. Nam arcu libero, nonummy
 []


Underfull \hbox (badness 10000) in paragraph at lines 2--2
\T1/lmtt/m/n/10 eget, consectetuer id, vulputate a, magna. Donec vehicula augue
 eu neque. Pellentesque habitant
 []


Underfull \hbox (badness 10000) in paragraph at lines 2--2
\T1/lmtt/m/n/10 morbi tristique senectus et netus et malesuada fames ac turpis 
egestas. Mauris ut leo. Cras
 []


Underfull \hbox (badness 10000) in paragraph at lines 2--2
\T1/lmtt/m/n/10 viverra metus rhoncus sem. Nulla et lectus vestibulum urna frin
gilla ultrices. Phasellus eu
 []


Underfull \hbox (badness 10000) in paragraph at lines 2--2
\T1/lmtt/m/n/10 tellus sit amet tortor gravida placerat. Integer sapien est, ia
culis in, pretium quis, viverra
 []


Underfull \hbox (badness 10000) in paragraph at lines 2--2
\T1/lmtt/m/n/10 ac, nunc. Praesent eget sem vel leo ultrices bibendum. Aenean f
aucibus. Morbi dolor nulla,
 []


Underfull \hbox (badness 10000) in paragraph at lines 2--2
\T1/lmtt/m/n/10 malesuada eu, pulvinar at, mollis ac, nulla. Curabitur auctor s
emper nulla. Donec varius orci
 []


Underfull \hbox (badness 10000) in paragraph at lines 2--2
\T1/lmtt/m/n/10 eget risus. Duis nibh mi, congue eu, accumsan eleifend, sagitti
s quis, diam. Duis eget orci sit
 []

<imagens/placeholder.jpg, id=71, 1003.75pt x 597.23125pt>
File: imagens/placeholder.jpg Graphic file (type jpg)

<use imagens/placeholder.jpg>
Package pdftex.def Info: imagens/placeholder.jpg used on input line 4.
(pdftex.def)             Requested size: 1003.74756pt x 597.22978pt.
LaTeX Font Info:    Try loading font information for U+msa on input line 9.

(/usr/share/texlive/texmf-dist/tex/latex/amsfonts/umsa.fd
File: umsa.fd 2013/01/14 v3.01 AMS symbols A
)
LaTeX Font Info:    Try loading font information for U+msb on input line 9.

(/usr/share/texlive/texmf-dist/tex/latex/amsfonts/umsb.fd
File: umsb.fd 2013/01/14 v3.01 AMS symbols B
))
(./section/teoria.tex
Package babel Info: Redefining portuges shorthand "|
(babel)             in language  on input line 1.

Underfull \hbox (badness 10000) in paragraph at lines 2--2
[]\T1/lmtt/m/n/10 Lorem ipsum dolor sit amet, consectetuer adipiscing elit. Ut 
purus elit, vestibulum ut,
 []


Underfull \hbox (badness 10000) in paragraph at lines 2--2
\T1/lmtt/m/n/10 placerat ac, adipiscing vitae, felis. Curabitur dictum gravida 
mauris. Nam arcu libero, nonummy
 []


Underfull \hbox (badness 10000) in paragraph at lines 2--2
\T1/lmtt/m/n/10 eget, consectetuer id, vulputate a, magna. Donec vehicula augue
 eu neque. Pellentesque habitant
 []


Underfull \hbox (badness 10000) in paragraph at lines 2--2
\T1/lmtt/m/n/10 morbi tristique senectus et netus et malesuada fames ac turpis 
egestas. Mauris ut leo. Cras
 []


Underfull \hbox (badness 10000) in paragraph at lines 2--2
\T1/lmtt/m/n/10 viverra metus rhoncus sem. Nulla et lectus vestibulum urna frin
gilla ultrices. Phasellus eu
 []


Underfull \hbox (badness 10000) in paragraph at lines 2--2
\T1/lmtt/m/n/10 tellus sit amet tortor gravida placerat. Integer sapien est, ia
culis in, pretium quis, viverra
 []


Underfull \hbox (badness 10000) in paragraph at lines 2--2
\T1/lmtt/m/n/10 ac, nunc. Praesent eget sem vel leo ultrices bibendum. Aenean f
aucibus. Morbi dolor nulla,
 []


Underfull \hbox (badness 10000) in paragraph at lines 2--2
\T1/lmtt/m/n/10 malesuada eu, pulvinar at, mollis ac, nulla. Curabitur auctor s
emper nulla. Donec varius orci
 []


Underfull \hbox (badness 10000) in paragraph at lines 2--2
\T1/lmtt/m/n/10 eget risus. Duis nibh mi, congue eu, accumsan eleifend, sagitti
s quis, diam. Duis eget orci sit
 []

File: imagens/placeholder.jpg Graphic file (type jpg)
<use imagens/placeholder.jpg>
Package pdftex.def Info: imagens/placeholder.jpg used on input line 4.
(pdftex.def)             Requested size: 1003.74756pt x 597.22978pt.


LaTeX Warning: `h' float specifier changed to `ht'.

) (./section/procedimentos.tex
Package babel Info: Redefining portuges shorthand "|
(babel)             in language  on input line 1.

Underfull \hbox (badness 10000) in paragraph at lines 2--2
[]\T1/lmtt/m/n/10 Lorem ipsum dolor sit amet, consectetuer adipiscing elit. Ut 
purus elit, vestibulum ut,
 []


Underfull \hbox (badness 10000) in paragraph at lines 2--2
\T1/lmtt/m/n/10 placerat ac, adipiscing vitae, felis. Curabitur dictum gravida 
mauris. Nam arcu libero, nonummy
 []


Underfull \hbox (badness 10000) in paragraph at lines 2--2
\T1/lmtt/m/n/10 eget, consectetuer id, vulputate a, magna. Donec vehicula augue
 eu neque. Pellentesque habitant
 []


Underfull \hbox (badness 10000) in paragraph at lines 2--2
\T1/lmtt/m/n/10 morbi tristique senectus et netus et malesuada fames ac turpis 
egestas. Mauris ut leo. Cras
 []


Underfull \hbox (badness 10000) in paragraph at lines 2--2
\T1/lmtt/m/n/10 viverra metus rhoncus sem. Nulla et lectus vestibulum urna frin
gilla ultrices. Phasellus eu
 []


Underfull \hbox (badness 10000) in paragraph at lines 2--2
\T1/lmtt/m/n/10 tellus sit amet tortor gravida placerat. Integer sapien est, ia
culis in, pretium quis, viverra
 []


Underfull \hbox (badness 10000) in paragraph at lines 2--2
\T1/lmtt/m/n/10 ac, nunc. Praesent eget sem vel leo ultrices bibendum. Aenean f
aucibus. Morbi dolor nulla,
 []


Underfull \hbox (badness 10000) in paragraph at lines 2--2
\T1/lmtt/m/n/10 malesuada eu, pulvinar at, mollis ac, nulla. Curabitur auctor s
emper nulla. Donec varius orci
 []


Underfull \hbox (badness 10000) in paragraph at lines 2--2
\T1/lmtt/m/n/10 eget risus. Duis nibh mi, congue eu, accumsan eleifend, sagitti
s quis, diam. Duis eget orci sit
 []

Package babel Info: Redefining portuges shorthand "|
(babel)             in language  on input line 2.
Package babel Info: Redefining portuges shorthand "|
(babel)             in language  on input line 2.
[4pdfTeX warning (ext4): destination with the same identifier (name{figure.1}) 
has been already used, duplicate ignored

\AtBegShi@Output ...ipout \box \AtBeginShipoutBox 
                                                  \fi \fi 
l.2 \lipsum[1]
               <./imagens/placeholder.jpg>]
File: imagens/placeholder.jpg Graphic file (type jpg)
 <use imagens/placeholder.jpg>
Package pdftex.def Info: imagens/placeholder.jpg used on input line 4.
(pdftex.def)             Requested size: 1003.74756pt x 597.22978pt.
)
(./section/resultados.tex
Package babel Info: Redefining portuges shorthand "|
(babel)             in language  on input line 1.

Underfull \hbox (badness 10000) in paragraph at lines 2--2
[]\T1/lmtt/m/n/10 Lorem ipsum dolor sit amet, consectetuer adipiscing elit. Ut 
purus elit, vestibulum ut,
 []


Underfull \hbox (badness 10000) in paragraph at lines 2--2
\T1/lmtt/m/n/10 placerat ac, adipiscing vitae, felis. Curabitur dictum gravida 
mauris. Nam arcu libero, nonummy
 []


Underfull \hbox (badness 10000) in paragraph at lines 2--2
\T1/lmtt/m/n/10 eget, consectetuer id, vulputate a, magna. Donec vehicula augue
 eu neque. Pellentesque habitant
 []


Underfull \hbox (badness 10000) in paragraph at lines 2--2
\T1/lmtt/m/n/10 morbi tristique senectus et netus et malesuada fames ac turpis 
egestas. Mauris ut leo. Cras
 []


Underfull \hbox (badness 10000) in paragraph at lines 2--2
\T1/lmtt/m/n/10 viverra metus rhoncus sem. Nulla et lectus vestibulum urna frin
gilla ultrices. Phasellus eu
 []


Underfull \hbox (badness 10000) in paragraph at lines 2--2
\T1/lmtt/m/n/10 tellus sit amet tortor gravida placerat. Integer sapien est, ia
culis in, pretium quis, viverra
 []


Underfull \hbox (badness 10000) in paragraph at lines 2--2
\T1/lmtt/m/n/10 ac, nunc. Praesent eget sem vel leo ultrices bibendum. Aenean f
aucibus. Morbi dolor nulla,
 []


Underfull \hbox (badness 10000) in paragraph at lines 2--2
\T1/lmtt/m/n/10 malesuada eu, pulvinar at, mollis ac, nulla. Curabitur auctor s
emper nulla. Donec varius orci
 []


Underfull \hbox (badness 10000) in paragraph at lines 2--2
\T1/lmtt/m/n/10 eget risus. Duis nibh mi, congue eu, accumsan eleifend, sagitti
s quis, diam. Duis eget orci sit
 []

Package babel Info: Redefining portuges shorthand "|
(babel)             in language  on input line 2.
Package babel Info: Redefining portuges shorthand "|
(babel)             in language  on input line 2.
[5pdfTeX warning (ext4): destination with the same identifier (name{figure.2}) 
has been already used, duplicate ignored

\AtBegShi@Output ...ipout \box \AtBeginShipoutBox 
                                                  \fi \fi 
l.2 \lipsum[1]
              pdfTeX warning (ext4): destination with the same identifier (name
{figure.3}) has been already used, duplicate ignored

\AtBegShi@Output ...ipout \box \AtBeginShipoutBox 
                                                  \fi \fi 
l.2 \lipsum[1]
              ]
File: imagens/placeholder.jpg Graphic file (type jpg)
 <use imagens/placeholder.jpg>
Package pdftex.def Info: imagens/placeholder.jpg used on input line 4.
(pdftex.def)             Requested size: 1003.74756pt x 597.22978pt.
) (./section/analise.tex
Package babel Info: Redefining portuges shorthand "|
(babel)             in language  on input line 1.

Underfull \hbox (badness 10000) in paragraph at lines 2--2
[]\T1/lmtt/m/n/10 Lorem ipsum dolor sit amet, consectetuer adipiscing elit. Ut 
purus elit, vestibulum ut,
 []


Underfull \hbox (badness 10000) in paragraph at lines 2--2
\T1/lmtt/m/n/10 placerat ac, adipiscing vitae, felis. Curabitur dictum gravida 
mauris. Nam arcu libero, nonummy
 []


Underfull \hbox (badness 10000) in paragraph at lines 2--2
\T1/lmtt/m/n/10 eget, consectetuer id, vulputate a, magna. Donec vehicula augue
 eu neque. Pellentesque habitant
 []


Underfull \hbox (badness 10000) in paragraph at lines 2--2
\T1/lmtt/m/n/10 morbi tristique senectus et netus et malesuada fames ac turpis 
egestas. Mauris ut leo. Cras
 []


Underfull \hbox (badness 10000) in paragraph at lines 2--2
\T1/lmtt/m/n/10 viverra metus rhoncus sem. Nulla et lectus vestibulum urna frin
gilla ultrices. Phasellus eu
 []


Underfull \hbox (badness 10000) in paragraph at lines 2--2
\T1/lmtt/m/n/10 tellus sit amet tortor gravida placerat. Integer sapien est, ia
culis in, pretium quis, viverra
 []


Underfull \hbox (badness 10000) in paragraph at lines 2--2
\T1/lmtt/m/n/10 ac, nunc. Praesent eget sem vel leo ultrices bibendum. Aenean f
aucibus. Morbi dolor nulla,
 []


Underfull \hbox (badness 10000) in paragraph at lines 2--2
\T1/lmtt/m/n/10 malesuada eu, pulvinar at, mollis ac, nulla. Curabitur auctor s
emper nulla. Donec varius orci
 []


Underfull \hbox (badness 10000) in paragraph at lines 2--2
\T1/lmtt/m/n/10 eget risus. Duis nibh mi, congue eu, accumsan eleifend, sagitti
s quis, diam. Duis eget orci sit
 []

File: imagens/placeholder.jpg Graphic file (type jpg)
<use imagens/placeholder.jpg>
Package pdftex.def Info: imagens/placeholder.jpg used on input line 4.
(pdftex.def)             Requested size: 1003.74756pt x 597.22978pt.


LaTeX Warning: `h' float specifier changed to `ht'.

) (./section/conclusao.tex
Package babel Info: Redefining portuges shorthand "|
(babel)             in language  on input line 1.

Underfull \hbox (badness 10000) in paragraph at lines 2--2
[]\T1/lmtt/m/n/10 Lorem ipsum dolor sit amet, consectetuer adipiscing elit. Ut 
purus elit, vestibulum ut,
 []


Underfull \hbox (badness 10000) in paragraph at lines 2--2
\T1/lmtt/m/n/10 placerat ac, adipiscing vitae, felis. Curabitur dictum gravida 
mauris. Nam arcu libero, nonummy
 []


Underfull \hbox (badness 10000) in paragraph at lines 2--2
\T1/lmtt/m/n/10 eget, consectetuer id, vulputate a, magna. Donec vehicula augue
 eu neque. Pellentesque habitant
 []


Underfull \hbox (badness 10000) in paragraph at lines 2--2
\T1/lmtt/m/n/10 morbi tristique senectus et netus et malesuada fames ac turpis 
egestas. Mauris ut leo. Cras
 []


Underfull \hbox (badness 10000) in paragraph at lines 2--2
\T1/lmtt/m/n/10 viverra metus rhoncus sem. Nulla et lectus vestibulum urna frin
gilla ultrices. Phasellus eu
 []


Underfull \hbox (badness 10000) in paragraph at lines 2--2
\T1/lmtt/m/n/10 tellus sit amet tortor gravida placerat. Integer sapien est, ia
culis in, pretium quis, viverra
 []


Underfull \hbox (badness 10000) in paragraph at lines 2--2
\T1/lmtt/m/n/10 ac, nunc. Praesent eget sem vel leo ultrices bibendum. Aenean f
aucibus. Morbi dolor nulla,
 []


Underfull \hbox (badness 10000) in paragraph at lines 2--2
\T1/lmtt/m/n/10 malesuada eu, pulvinar at, mollis ac, nulla. Curabitur auctor s
emper nulla. Donec varius orci
 []


Underfull \hbox (badness 10000) in paragraph at lines 2--2
\T1/lmtt/m/n/10 eget risus. Duis nibh mi, congue eu, accumsan eleifend, sagitti
s quis, diam. Duis eget orci sit
 []

Package babel Info: Redefining portuges shorthand "|
(babel)             in language  on input line 2.
Package babel Info: Redefining portuges shorthand "|
(babel)             in language  on input line 2.
[6pdfTeX warning (ext4): destination with the same identifier (name{figure.4}) 
has been already used, duplicate ignored

\AtBegShi@Output ...ipout \box \AtBeginShipoutBox 
                                                  \fi \fi 
l.2 \lipsum[1]
              ]
File: imagens/placeholder.jpg Graphic file (type jpg)
 <use imagens/placeholder.jpg>
Package pdftex.def Info: imagens/placeholder.jpg used on input line 4.
(pdftex.def)             Requested size: 1003.74756pt x 597.22978pt.
) (./section/bibliografia.tex
Package babel Info: Redefining portuges shorthand "|
(babel)             in language  on input line 1.
LaTeX Font Info:    Try loading font information for T1+cmtt on input line 3.

(/usr/share/texlive/texmf-dist/tex/latex/base/t1cmtt.fd
File: t1cmtt.fd 2014/09/29 v2.5h Standard LaTeX font definitions
)) (./section/anexos.tex
Package babel Info: Redefining portuges shorthand "|
(babel)             in language  on input line 1.

Underfull \hbox (badness 10000) in paragraph at lines 2--2
[]\T1/lmtt/m/n/10 Lorem ipsum dolor sit amet, consectetuer adipiscing elit. Ut 
purus elit, vestibulum ut,
 []


Underfull \hbox (badness 10000) in paragraph at lines 2--2
\T1/lmtt/m/n/10 placerat ac, adipiscing vitae, felis. Curabitur dictum gravida 
mauris. Nam arcu libero, nonummy
 []


Underfull \hbox (badness 10000) in paragraph at lines 2--2
\T1/lmtt/m/n/10 eget, consectetuer id, vulputate a, magna. Donec vehicula augue
 eu neque. Pellentesque habitant
 []


Underfull \hbox (badness 10000) in paragraph at lines 2--2
\T1/lmtt/m/n/10 morbi tristique senectus et netus et malesuada fames ac turpis 
egestas. Mauris ut leo. Cras
 []


Underfull \hbox (badness 10000) in paragraph at lines 2--2
\T1/lmtt/m/n/10 viverra metus rhoncus sem. Nulla et lectus vestibulum urna frin
gilla ultrices. Phasellus eu
 []


Underfull \hbox (badness 10000) in paragraph at lines 2--2
\T1/lmtt/m/n/10 tellus sit amet tortor gravida placerat. Integer sapien est, ia
culis in, pretium quis, viverra
 []


Underfull \hbox (badness 10000) in paragraph at lines 2--2
\T1/lmtt/m/n/10 ac, nunc. Praesent eget sem vel leo ultrices bibendum. Aenean f
aucibus. Morbi dolor nulla,
 []


Underfull \hbox (badness 10000) in paragraph at lines 2--2
\T1/lmtt/m/n/10 malesuada eu, pulvinar at, mollis ac, nulla. Curabitur auctor s
emper nulla. Donec varius orci
 []


Underfull \hbox (badness 10000) in paragraph at lines 2--2
\T1/lmtt/m/n/10 eget risus. Duis nibh mi, congue eu, accumsan eleifend, sagitti
s quis, diam. Duis eget orci sit
 []

Package babel Info: Redefining portuges shorthand "|
(babel)             in language  on input line 2.
Package babel Info: Redefining portuges shorthand "|
(babel)             in language  on input line 2.
[7pdfTeX warning (ext4): destination with the same identifier (name{figure.5}) 
has been already used, duplicate ignored

\AtBegShi@Output ...ipout \box \AtBeginShipoutBox 
                                                  \fi \fi 
l.2 \lipsum[1]
              pdfTeX warning (ext4): destination with the same identifier (name
{figure.6}) has been already used, duplicate ignored

\AtBegShi@Output ...ipout \box \AtBeginShipoutBox 
                                                  \fi \fi 
l.2 \lipsum[1]
              ]
File: imagens/placeholder.jpg Graphic file (type jpg)
 <use imagens/placeholder.jpg>
Package pdftex.def Info: imagens/placeholder.jpg used on input line 4.
(pdftex.def)             Requested size: 1003.74756pt x 597.22978pt.
)
Package atveryend Info: Empty hook `BeforeClearDocument' on input line 38.
 [8pdfTeX warning (ext4): destination with the same identifier (name{figure.7})
 has been already used, duplicate ignored

\AtBegShi@Output ...ipout \box \AtBeginShipoutBox 
                                                  \fi \fi 
l.38 \end{document}
                   ]
Package atveryend Info: Empty hook `AfterLastShipout' on input line 38.
 (./relatorio.aux)
Package atveryend Info: Executing hook `AtVeryEndDocument' on input line 38.
Package atveryend Info: Executing hook `AtEndAfterFileList' on input line 38.
Package rerunfilecheck Info: File `relatorio.out' has not changed.
(rerunfilecheck)             Checksum: 005D1D4E6FDC0294BFDC75A67E19431D;434.


LaTeX Font Warning: Size substitutions with differences
(Font)              up to 1.12pt have occured.


LaTeX Warning: There were multiply-defined labels.

 ) 
Here is how much of TeX's memory you used:
 9015 strings out of 493029
 123162 string characters out of 6136234
 332669 words of memory out of 5000000
 12326 multiletter control sequences out of 15000+600000
 22167 words of font info for 64 fonts, out of 8000000 for 9000
 1141 hyphenation exceptions out of 8191
 40i,7n,33p,264b,633s stack positions out of 5000i,500n,10000p,200000b,80000s
{/usr/share/texmf/fonts/enc/dvips/cm-super/cm-super-t1.enc}{/usr/share/texmf/
fonts/enc/dvips/lm/lm-ec.enc}</usr/share/texlive/texmf-dist/fonts/type1/public/
amsfonts/cm/cmex10.pfb></usr/share/texlive/texmf-dist/fonts/type1/public/amsfon
ts/cm/cmmi10.pfb></usr/share/texlive/texmf-dist/fonts/type1/public/amsfonts/cm/
cmmi7.pfb></usr/share/texlive/texmf-dist/fonts/type1/public/amsfonts/cm/cmr10.p
fb></usr/share/texlive/texmf-dist/fonts/type1/public/amsfonts/cm/cmr7.pfb></usr
/share/texlive/texmf-dist/fonts/type1/public/amsfonts/cm/cmsy10.pfb></usr/share
/texmf/fonts/type1/public/lm/lmtt10.pfb></usr/share/texmf/fonts/type1/public/lm
/lmtt12.pfb></usr/share/texmf/fonts/type1/public/lm/lmtt9.pfb></usr/share/texmf
/fonts/type1/public/cm-super/sfbx0900.pfb></usr/share/texmf/fonts/type1/public/
cm-super/sfbx1000.pfb></usr/share/texmf/fonts/type1/public/cm-super/sfbx2488.pf
b></usr/share/texmf/fonts/type1/public/cm-super/sfrm0900.pfb></usr/share/texmf/
fonts/type1/public/cm-super/sfrm1000.pfb></usr/share/texmf/fonts/type1/public/c
m-super/sfrm1440.pfb></usr/share/texmf/fonts/type1/public/cm-super/sfti1440.pfb
></usr/share/texmf/fonts/type1/public/cm-super/sftt0900.pfb>
Output written on relatorio.pdf (8 pages, 476387 bytes).
PDF statistics:
 187 PDF objects out of 1000 (max. 8388607)
 155 compressed objects within 2 object streams
 36 named destinations out of 1000 (max. 500000)
 83 words of extra memory for PDF output out of 10000 (max. 10000000)

